Arguments: 
  /usr/local/bin/node /opt/yarn-v1.22.5/bin/yarn.js install

PATH: 
  /usr/local/sbin:/usr/local/bin:/usr/sbin:/usr/bin:/sbin:/bin

Yarn version: 
  1.22.5

Node version: 
  14.15.4

Platform: 
  linux x64

Trace: 
  Error: https://registry.yarnpkg.com/core-js/-/core-js-2.6.12.tgz: ESOCKETTIMEDOUT
      at ClientRequest.<anonymous> (/opt/yarn-v1.22.5/lib/cli.js:141376:19)
      at Object.onceWrapper (events.js:421:28)
      at ClientRequest.emit (events.js:315:20)
      at TLSSocket.emitRequestTimeout (_http_client.js:784:9)
      at Object.onceWrapper (events.js:421:28)
      at TLSSocket.emit (events.js:327:22)
      at TLSSocket.Socket._onTimeout (net.js:483:8)
      at listOnTimeout (internal/timers.js:554:17)
      at processTimers (internal/timers.js:497:7)

npm manifest: 
  {
    "name": "schedule-arranger",
    "version": "0.0.0",
    "private": true,
    "scripts": {
      "start": "node ./bin/www",
      "test": "npx jest --testTimeout=10000 --forceExit"
    },
    "dependencies": {
      "bootstrap": "4.0.0",
      "cookie-parser": "~1.4.3",
      "debug": "~2.6.9",
      "express": "~4.16.0",
      "express-session": "1.13.0",
      "helmet": "^4.6.0",
      "http-errors": "~1.6.2",
      "jquery": "3.4.1",
      "morgan": "~1.9.0",
      "passport": "0.3.2",
      "passport-github2": "0.1.9",
      "pg": "8.5.1",
      "pg-hstore": "2.3.3",
      "popper.js": "^1.14.0",
      "pug": "2.0.0-beta11",
      "sequelize": "6.5.0",
      "uuid": "3.3.2"
    },
    "devDependencies": {
      "@babel/core": "7.1.6",
      "@babel/preset-env": "7.1.6",
      "babel-loader": "8.0.4",
      "jest": "25.1.0",
      "passport-stub": "1.1.1",
      "supertest": "3.1.0",
      "webpack": "4.26.1",
      "webpack-cli": "3.1.2"
    }
  }

yarn manifest: 
  No manifest

Lockfile: 
  No lockfile
